<?xml version="1.0" encoding="UTF-8"?>
<testsuite xmlns:xsi="http://www.w3.org/2001/XMLSchema-instance" xsi:noNamespaceSchemaLocation="https://maven.apache.org/surefire/maven-surefire-plugin/xsd/surefire-test-report-3.0.xsd" version="3.0" name="TransportasiTest" time="0.123" tests="9" errors="0" skipped="0" failures="0">
  <properties>
[...]
</properties>
  <testcase name="testKecepatanTerlaluTinggiException" classname="TransportasiTest" time="0.005"/>
  <testcase name="testPlaneMovement" classname="TransportasiTest" time="0"/>
  <testcase name="testCarMovement" classname="TransportasiTest" time="0"/>
  <testcase name="testToStringMethods" classname="TransportasiTest" time="0"/>
  <testcase name="testPlaneAcceleration" classname="TransportasiTest" time="0"/>
  <testcase name="testGenericClass" classname="TransportasiTest" time="0.002"/>
  <testcase name="testKendaraanPenuhException" classname="TransportasiTest" time="0.001"/>
  <testcase name="testInheritance" classname="TransportasiTest" time="0"/>
  <testcase name="testCarAcceleration" classname="TransportasiTest" time="0"/>
</testsuite>